Session: 22T1

Submission: ass3
------------------------------
Files found: submission.hash
------------------------------

Student declaration
-------------------
* This assignment is my own work, except where permitted by
  the originality rules for this course and this assignment.
* This assignment has not been submitted for academic credit
  elsewhere.
* I have read and understood the University Rules in respect
  of Student Academic Misconduct.

Type "yes" to confirm that you agree to the declaration above: yes
yes


Current day and time:	Wed Apr 20 18:34:29 2022
Assignment deadline:	Thu Apr 21 10:00:00 2022
A submission now would be 15 hours early

Type "yes" to continue with the submission: yes
Continuing with the submission...

Submission datestamp:	Wed Apr 20 18:34:29 2022
Assignment deadline:	Thu Apr 21 10:00:00 2022
This submission is 15 hours early
Your submission is ACCEPTED.
